2025-02-21 14:07:42,184 - ecommerce_analysis - INFO - Starting data processing...
2025-02-21 14:07:43,951 - ecommerce_analysis - INFO - Data processed successfully - Shape: (319806, 19)
2025-02-21 14:07:43,952 - ecommerce_analysis - INFO - Starting RFM analysis...
2025-02-21 14:07:44,000 - ecommerce_analysis - ERROR - Analysis failed: "Column(s) ['Avg_Transaction_Value', 'Total_Amount', 'Total_Items', 'Total_Transactions', 'Unique_Products'] do not exist"
2025-02-21 14:07:44,010 - ecommerce_analysis - ERROR - Analysis failed!
2025-02-21 14:12:17,167 - ecommerce_analysis - INFO - Starting data processing...
2025-02-21 14:12:18,843 - ecommerce_analysis - INFO - Data processed successfully - Shape: (319806, 19)
2025-02-21 14:12:18,847 - ecommerce_analysis - INFO - Starting RFM analysis...
2025-02-21 14:12:18,899 - ecommerce_analysis - ERROR - Analysis failed: "Column(s) ['Avg_Transaction_Value', 'Total_Amount', 'Total_Items', 'Total_Transactions', 'Unique_Products'] do not exist"
2025-02-21 14:12:18,907 - ecommerce_analysis - ERROR - Analysis failed!
2025-02-21 14:13:37,203 - ecommerce_analysis - INFO - Starting data processing...
2025-02-21 14:13:38,856 - ecommerce_analysis - INFO - Data processed successfully - Shape: (319806, 19)
2025-02-21 14:13:38,856 - ecommerce_analysis - INFO - Starting RFM analysis...
2025-02-21 14:13:38,909 - ecommerce_analysis - ERROR - Analysis failed: "Column(s) ['Avg_Transaction_Value', 'Total_Amount', 'Total_Items', 'Total_Transactions', 'Unique_Products'] do not exist"
2025-02-21 14:13:38,916 - ecommerce_analysis - ERROR - Analysis failed!
2025-02-21 14:15:09,240 - ecommerce_analysis - INFO - Starting data processing...
2025-02-21 14:15:10,940 - ecommerce_analysis - INFO - Data processed successfully - Shape: (319806, 19)
2025-02-21 14:15:10,941 - ecommerce_analysis - INFO - Starting RFM analysis...
2025-02-21 14:15:10,991 - ecommerce_analysis - ERROR - Analysis failed: "Column(s) ['Avg_Transaction_Value', 'Total_Amount', 'Total_Items', 'Total_Transactions', 'Unique_Products'] do not exist"
2025-02-21 14:15:10,999 - ecommerce_analysis - ERROR - Analysis failed!
2025-02-21 14:16:29,184 - ecommerce_analysis - INFO - Starting data processing...
2025-02-21 14:16:30,961 - ecommerce_analysis - INFO - Data processed successfully - Shape: (319806, 19)
2025-02-21 14:16:30,962 - ecommerce_analysis - INFO - Starting RFM analysis...
2025-02-21 14:16:31,011 - ecommerce_analysis - ERROR - Analysis failed: "Column(s) ['Avg_Transaction_Value', 'Total_Amount', 'Total_Items', 'Total_Transactions', 'Unique_Products'] do not exist"
2025-02-21 14:16:31,020 - ecommerce_analysis - ERROR - Analysis failed!
2025-02-21 14:17:34,788 - ecommerce_analysis - INFO - Starting data processing...
2025-02-21 14:17:36,449 - ecommerce_analysis - INFO - Data processed successfully - Shape: (319806, 19)
2025-02-21 14:17:36,450 - ecommerce_analysis - INFO - Starting RFM analysis...
2025-02-21 14:17:36,498 - ecommerce_analysis - ERROR - Analysis failed: "Column(s) ['Avg_Transaction_Value', 'Total_Amount', 'Total_Items', 'Total_Transactions', 'Unique_Products'] do not exist"
2025-02-21 14:17:36,508 - ecommerce_analysis - ERROR - Analysis failed!
2025-02-21 14:21:02,002 - ecommerce_analysis - INFO - Starting data processing...
2025-02-21 14:21:03,997 - ecommerce_analysis - INFO - Data processed successfully - Shape: (319806, 19)
2025-02-21 14:21:03,997 - ecommerce_analysis - INFO - Starting RFM analysis...
2025-02-21 14:21:04,405 - ecommerce_analysis - ERROR - Analysis failed: cannot insert InvoiceDate, already exists
2025-02-21 14:21:04,419 - ecommerce_analysis - ERROR - Analysis failed!
2025-02-21 14:22:15,681 - ecommerce_analysis - INFO - Starting data processing...
2025-02-21 14:22:17,421 - ecommerce_analysis - INFO - Data processed successfully - Shape: (319806, 19)
2025-02-21 14:22:17,421 - ecommerce_analysis - INFO - Starting RFM analysis...
2025-02-21 14:22:17,771 - ecommerce_analysis - ERROR - Analysis failed: cannot insert InvoiceDate, already exists
2025-02-21 14:22:17,787 - ecommerce_analysis - ERROR - Analysis failed!
2025-02-21 14:23:24,397 - ecommerce_analysis - INFO - Starting data processing...
2025-02-21 14:23:26,154 - ecommerce_analysis - INFO - Data processed successfully - Shape: (319806, 19)
2025-02-21 14:23:26,154 - ecommerce_analysis - INFO - Starting RFM analysis...
2025-02-21 14:23:26,285 - ecommerce_analysis - ERROR - Analysis failed: 'CustomerID' is both an index level and a column label, which is ambiguous.
2025-02-21 14:23:26,303 - ecommerce_analysis - ERROR - Analysis failed!
2025-02-21 14:24:36,542 - ecommerce_analysis - INFO - Starting data processing...
2025-02-21 14:24:38,315 - ecommerce_analysis - INFO - Data processed successfully - Shape: (319806, 19)
2025-02-21 14:24:38,315 - ecommerce_analysis - INFO - Starting RFM analysis...
2025-02-21 14:24:38,457 - ecommerce_analysis - ERROR - Analysis failed: 'LastPurchaseDate'
2025-02-21 14:24:38,475 - ecommerce_analysis - ERROR - Analysis failed!
2025-02-21 14:25:29,463 - ecommerce_analysis - INFO - Starting data processing...
2025-02-21 14:25:31,260 - ecommerce_analysis - INFO - Data processed successfully - Shape: (319806, 19)
2025-02-21 14:25:31,260 - ecommerce_analysis - INFO - Starting RFM analysis...
2025-02-21 14:25:31,422 - ecommerce_analysis - ERROR - Analysis failed: 'LastPurchaseDate'
2025-02-21 14:25:31,438 - ecommerce_analysis - ERROR - Analysis failed!
2025-02-21 14:29:08,938 - ecommerce_analysis - INFO - Starting data processing...
2025-02-21 14:29:10,690 - ecommerce_analysis - INFO - Data processed successfully - Shape: (319806, 19)
2025-02-21 14:29:10,690 - ecommerce_analysis - INFO - Starting RFM analysis...
2025-02-21 14:29:10,857 - ecommerce_analysis - ERROR - Analysis failed: 'LastPurchaseDate'
2025-02-21 14:29:10,857 - ecommerce_analysis - ERROR - Analysis failed!
2025-02-21 14:30:56,344 - ecommerce_analysis - INFO - Starting data processing...
2025-02-21 14:30:58,076 - ecommerce_analysis - INFO - Data processed successfully - Shape: (319806, 19)
2025-02-21 14:30:58,076 - ecommerce_analysis - INFO - Starting RFM analysis...
2025-02-21 14:30:58,358 - ecommerce_analysis - ERROR - Analysis failed: cannot insert InvoiceDate, already exists
2025-02-21 14:30:58,362 - ecommerce_analysis - ERROR - Analysis failed!
2025-02-21 14:31:53,460 - ecommerce_analysis - INFO - Starting data processing...
2025-02-21 14:31:55,264 - ecommerce_analysis - INFO - Data processed successfully - Shape: (319806, 19)
2025-02-21 14:31:55,264 - ecommerce_analysis - INFO - Starting RFM analysis...
2025-02-21 14:31:55,549 - ecommerce_analysis - ERROR - Analysis failed: cannot insert InvoiceDate, already exists
2025-02-21 14:31:55,560 - ecommerce_analysis - ERROR - Analysis failed!
2025-02-21 14:32:53,492 - ecommerce_analysis - INFO - Starting data processing...
2025-02-21 14:32:55,245 - ecommerce_analysis - INFO - Data processed successfully - Shape: (319806, 19)
2025-02-21 14:32:55,245 - ecommerce_analysis - INFO - Starting RFM analysis...
2025-02-21 14:32:55,627 - ecommerce_analysis - INFO - 
Customer Segment Summary:
2025-02-21 14:32:55,640 - ecommerce_analysis - INFO - 
                  CustomerID  Recency             Frequency          Monetary                  
                       count     mean   min   max      mean min  max     mean     min       max
RFM_Segment                                                                                    
At Risk Customers        264  4911.00  4875  4967      1.35   1    6    98.87    4.95    170.52
Cannot Lose Them         748  4906.42  4875  4967      2.90   1   17   724.27  173.74   6083.64
Champions                487  5078.09  4968  5196      1.20   1    6    88.67    1.70    171.45
Lost Customers          2097  4842.86  4823  4874      5.77   1  193  1263.95    1.90  70372.02
Loyal Customers          550  5062.34  4968  5196      1.90   1   34   443.74  172.76   4248.44
2025-02-21 14:32:55,773 - ecommerce_analysis - INFO - 
Sales Summary:
2025-02-21 14:32:55,773 - ecommerce_analysis - INFO - total_customers: 4,146.00
2025-02-21 14:32:55,773 - ecommerce_analysis - INFO - total_products: 3,319.00
2025-02-21 14:32:55,773 - ecommerce_analysis - INFO - total_transactions: 16,245.00
2025-02-21 14:32:55,773 - ecommerce_analysis - INFO - total_sales: 3,505,592.52
2025-02-21 14:32:55,773 - ecommerce_analysis - INFO - average_order_value: 14.13
2025-02-21 14:32:55,792 - ecommerce_analysis - INFO - Analysis completed successfully!
2025-02-21 14:42:19,808 - ecommerce_analysis - INFO - Starting data processing...
2025-02-21 14:42:21,730 - ecommerce_analysis - INFO - Data processed successfully - Shape: (319806, 19)
2025-02-21 14:42:21,730 - ecommerce_analysis - INFO - Starting RFM analysis...
2025-02-21 14:42:21,980 - ecommerce_analysis - ERROR - Analysis failed: [Errno 13] Permission denied: 'c:\\Users\\tzhang3\\OneDrive - IESEG\\Desktop\\Ecommerce_Analysis\\data\\rfm_results.csv'
2025-02-21 14:42:21,997 - ecommerce_analysis - ERROR - Analysis failed!
2025-02-21 14:42:57,260 - ecommerce_analysis - INFO - Starting data processing...
2025-02-21 14:42:58,947 - ecommerce_analysis - INFO - Data processed successfully - Shape: (319806, 19)
2025-02-21 14:42:58,947 - ecommerce_analysis - INFO - Starting RFM analysis...
2025-02-21 14:42:59,451 - ecommerce_analysis - ERROR - Analysis failed: 'RFM_Segment'
2025-02-21 14:42:59,451 - ecommerce_analysis - ERROR - Analysis failed!
2025-02-21 14:44:34,048 - ecommerce_analysis - INFO - Starting data processing...
2025-02-21 14:44:35,719 - ecommerce_analysis - INFO - Data processed successfully - Shape: (319806, 19)
2025-02-21 14:44:35,729 - ecommerce_analysis - INFO - Starting RFM analysis...
2025-02-21 14:44:36,246 - ecommerce_analysis - INFO - 
Customer Group Summaries:
2025-02-21 14:44:36,246 - ecommerce_analysis - INFO - 
FM_SUMMARY:
2025-02-21 14:44:36,269 - ecommerce_analysis - INFO - 
          CustomerID  Recency             Frequency            Monetary                    
               count     mean   min   max      mean  min  max      mean       min       max
FM_Group                                                                                   
Group_1_1          2  4823.00  4823  4823    190.50  188  193  44730.24  19088.46  70372.02
Group_2_1          1  4824.00  4824  4824    123.00  123  123  29748.94  29748.94  29748.94
Group_3_1          5  4824.80  4823  4827     77.00   54   91  10053.34   3186.77  23921.16
Group_4_1       1029  4856.54  4823  5194      8.40    1   45   2233.24    957.17  31267.34
Group_4_2       1036  4891.57  4823  5194      3.35    1   37    629.61    402.80    957.06
Group_4_3       1036  4941.98  4823  5196      1.80    1    8    276.81    172.03    402.08
Group_4_4       1037  4971.91  4823  5196      1.33    1    8     95.53      1.70    171.95
2025-02-21 14:44:36,271 - ecommerce_analysis - INFO - 
RM_SUMMARY:
2025-02-21 14:44:36,280 - ecommerce_analysis - INFO - 
          CustomerID  Recency             Frequency          Monetary                  
               count     mean   min   max      mean min  max     mean     min       max
RM_Group                                                                               
Group_1_1        526  4829.92  4823  4840     12.27   2  193  2903.12  967.26  70372.02
Group_1_2        264  4831.11  4823  4840      4.11   1   18   653.66  409.20    951.75
Group_1_3        146  4831.93  4823  4840      2.36   1    6   275.90  175.02    399.28
Group_1_4        104  4831.81  4823  4840      1.91   1    8   109.10    1.90    171.95
Group_2_1        303  4854.06  4841  4874      6.89   1   24  1999.20  957.17   6536.83
Group_2_2        332  4854.12  4841  4874      3.64   1   37   629.58  403.12    957.06
Group_2_3        240  4856.09  4841  4874      1.98   1    8   275.22  172.03    400.12
Group_2_4        182  4856.08  4841  4874      1.31   1    4   101.28    6.90    171.19
Group_3_1        170  4902.60  4875  4967      4.73   1   17  1633.42  958.42   6083.64
Group_3_2        290  4908.67  4875  4967      2.91   1   11   626.73  402.80    956.76
Group_3_3        288  4906.47  4875  4967      1.80   1    6   285.84  173.74    401.72
Group_3_4        264  4911.03  4875  4967      1.35   1    6    98.87    4.95    170.52
Group_4_1         38  5032.03  4970  5194      4.82   1   34  1500.07  967.94   4248.44
Group_4_2        150  5047.83  4968  5194      2.21   1   10   592.89  403.07    920.48
Group_4_3        362  5071.57  4968  5196      1.47   1    6   271.05  172.76    402.08
Group_4_4        487  5078.11  4968  5196      1.20   1    6    88.67    1.70    171.45
2025-02-21 14:44:36,282 - ecommerce_analysis - INFO - 
RF_SUMMARY:
2025-02-21 14:44:36,282 - ecommerce_analysis - INFO - 
          CustomerID  Recency             Frequency            Monetary                    
               count     mean   min   max      mean  min  max      mean       min       max
RF_Group                                                                                   
Group_1_1          2  4823.00  4823  4823    190.50  188  193  44730.24  19088.46  70372.02
Group_1_2          1  4824.00  4824  4824    123.00  123  123  29748.94  29748.94  29748.94
Group_1_3          5  4824.80  4823  4827     77.00   54   91  10053.34   3186.77  23921.16
Group_1_4       1032  4830.74  4823  4840      6.97    1   45   1532.71      1.90  31267.34
Group_2_4       1057  4854.89  4841  4874      3.79    1   37    850.77      6.90   6536.83
Group_3_4       1012  4907.64  4875  4967      2.49    1   17    561.12      4.95   6083.64
Group_4_4       1037  5069.76  4968  5196      1.57    1   34    276.99      1.70   4248.44
2025-02-21 14:44:36,437 - ecommerce_analysis - INFO - 
Sales Summary:
2025-02-21 14:44:36,452 - ecommerce_analysis - INFO - total_customers: 4,146.00
2025-02-21 14:44:36,452 - ecommerce_analysis - INFO - total_products: 3,319.00
2025-02-21 14:44:36,453 - ecommerce_analysis - INFO - total_transactions: 16,245.00
2025-02-21 14:44:36,453 - ecommerce_analysis - INFO - total_sales: 3,505,592.52
2025-02-21 14:44:36,454 - ecommerce_analysis - INFO - average_order_value: 14.13
2025-02-21 14:44:36,464 - ecommerce_analysis - INFO - Analysis completed successfully!
2025-02-21 14:50:39,132 - ecommerce_analysis - INFO - Starting data processing...
2025-02-21 14:50:40,930 - ecommerce_analysis - INFO - Data processed successfully - Shape: (319806, 19)
2025-02-21 14:50:40,930 - ecommerce_analysis - INFO - Starting RFM analysis...
2025-02-21 14:50:41,354 - ecommerce_analysis - INFO - 
RFM Analysis Summary:
2025-02-21 14:50:41,355 - ecommerce_analysis - INFO - Total Customers: 4,146
2025-02-21 14:50:41,356 - ecommerce_analysis - INFO - 
Metrics Summary:
2025-02-21 14:50:41,362 - ecommerce_analysis - INFO - 
      Recency  Frequency  Monetary
mean  4915.45       3.92    845.54
min   4823.00       1.00      1.70
max   5196.00     193.00  70372.02
2025-02-21 14:50:41,509 - ecommerce_analysis - INFO - 
Sales Summary:
2025-02-21 14:50:41,509 - ecommerce_analysis - INFO - total_customers: 4,146.00
2025-02-21 14:50:41,522 - ecommerce_analysis - INFO - total_products: 3,319.00
2025-02-21 14:50:41,522 - ecommerce_analysis - INFO - total_transactions: 16,245.00
2025-02-21 14:50:41,522 - ecommerce_analysis - INFO - total_sales: 3,505,592.52
2025-02-21 14:50:41,523 - ecommerce_analysis - INFO - average_order_value: 14.13
2025-02-21 14:50:41,534 - ecommerce_analysis - INFO - Analysis completed successfully!
2025-02-21 14:51:10,569 - ecommerce_analysis - INFO - Starting data processing...
2025-02-21 14:51:12,177 - ecommerce_analysis - INFO - Data processed successfully - Shape: (319806, 19)
2025-02-21 14:51:12,185 - ecommerce_analysis - INFO - Starting RFM analysis...
2025-02-21 14:51:12,617 - ecommerce_analysis - INFO - 
RFM Analysis Summary:
2025-02-21 14:51:12,617 - ecommerce_analysis - INFO - Total Customers: 4,146
2025-02-21 14:51:12,617 - ecommerce_analysis - INFO - 
Metrics Summary:
2025-02-21 14:51:12,617 - ecommerce_analysis - INFO - 
      Recency  Frequency  Monetary
mean  4915.45       3.92    845.54
min   4823.00       1.00      1.70
max   5196.00     193.00  70372.02
2025-02-21 14:51:12,773 - ecommerce_analysis - INFO - 
Sales Summary:
2025-02-21 14:51:12,773 - ecommerce_analysis - INFO - total_customers: 4,146.00
2025-02-21 14:51:12,776 - ecommerce_analysis - INFO - total_products: 3,319.00
2025-02-21 14:51:12,776 - ecommerce_analysis - INFO - total_transactions: 16,245.00
2025-02-21 14:51:12,777 - ecommerce_analysis - INFO - total_sales: 3,505,592.52
2025-02-21 14:51:12,777 - ecommerce_analysis - INFO - average_order_value: 14.13
2025-02-21 14:51:12,788 - ecommerce_analysis - INFO - Analysis completed successfully!
2025-02-21 14:52:14,648 - ecommerce_analysis - INFO - Starting data processing...
2025-02-21 14:52:16,369 - ecommerce_analysis - INFO - Data processed successfully - Shape: (319806, 19)
2025-02-21 14:52:16,369 - ecommerce_analysis - INFO - Starting RFM analysis...
2025-02-21 14:52:16,767 - ecommerce_analysis - INFO - 
RFM Analysis Summary:
2025-02-21 14:52:16,767 - ecommerce_analysis - INFO - Total Customers: 4,146
2025-02-21 14:52:16,768 - ecommerce_analysis - INFO - 
Metrics Summary:
2025-02-21 14:52:16,772 - ecommerce_analysis - INFO - 
      Recency  Frequency  Monetary
mean  4915.46       3.92    845.54
min   4823.00       1.00      1.70
max   5196.00     193.00  70372.02
2025-02-21 14:52:16,910 - ecommerce_analysis - INFO - 
Sales Summary:
2025-02-21 14:52:16,910 - ecommerce_analysis - INFO - total_customers: 4,146.00
2025-02-21 14:52:16,919 - ecommerce_analysis - INFO - total_products: 3,319.00
2025-02-21 14:52:16,920 - ecommerce_analysis - INFO - total_transactions: 16,245.00
2025-02-21 14:52:16,921 - ecommerce_analysis - INFO - total_sales: 3,505,592.52
2025-02-21 14:52:16,921 - ecommerce_analysis - INFO - average_order_value: 14.13
2025-02-21 14:52:16,930 - ecommerce_analysis - INFO - Analysis completed successfully!
2025-02-21 14:53:21,505 - ecommerce_analysis - INFO - Starting data processing...
2025-02-21 14:53:22,412 - ecommerce_analysis - ERROR - Data processing failed: time data "12/1/2010 8:26" doesn't match format "%Y-%m-%d %H:%M:%S", at position 0. You might want to try:
    - passing `format` if your strings have a consistent format;
    - passing `format='ISO8601'` if your strings are all ISO8601 but not necessarily in exactly the same format;
    - passing `format='mixed'`, and the format will be inferred for each element individually. You might want to use `dayfirst` alongside this.
2025-02-21 14:54:11,896 - ecommerce_analysis - INFO - Starting data processing...
2025-02-21 14:54:13,708 - ecommerce_analysis - INFO - Data processed successfully - Shape: (319806, 18)
2025-02-21 14:54:13,716 - ecommerce_analysis - INFO - Starting RFM analysis...
2025-02-21 14:54:14,085 - ecommerce_analysis - INFO - 
RFM Analysis Summary:
2025-02-21 14:54:14,086 - ecommerce_analysis - INFO - Total Customers: 4,146
2025-02-21 14:54:14,086 - ecommerce_analysis - INFO - 
Metrics Summary:
2025-02-21 14:54:14,092 - ecommerce_analysis - INFO - 
      Recency  Frequency  Monetary
mean  4915.46       3.92    845.54
min   4823.00       1.00      1.70
max   5196.00     193.00  70372.02
2025-02-21 14:54:14,303 - ecommerce_analysis - INFO - 
Sales Summary:
2025-02-21 14:54:14,304 - ecommerce_analysis - INFO - total_customers: 4,146.00
2025-02-21 14:54:14,304 - ecommerce_analysis - INFO - total_products: 3,319.00
2025-02-21 14:54:14,305 - ecommerce_analysis - INFO - total_transactions: 16,245.00
2025-02-21 14:54:14,305 - ecommerce_analysis - INFO - total_sales: 3,505,592.52
2025-02-21 14:54:14,306 - ecommerce_analysis - INFO - average_order_value: 14.13
2025-02-21 14:54:14,310 - ecommerce_analysis - INFO - Analysis completed successfully!
2025-02-21 15:00:06,394 - ecommerce_analysis - INFO - Starting data processing...
2025-02-21 15:00:08,381 - ecommerce_analysis - INFO - Data processed successfully - Shape: (319806, 18)
2025-02-21 15:00:08,382 - ecommerce_analysis - INFO - Starting RFM analysis...
2025-02-21 15:00:08,774 - ecommerce_analysis - INFO - 
RFM Analysis Summary:
2025-02-21 15:00:08,775 - ecommerce_analysis - INFO - Total Customers: 4,146
2025-02-21 15:00:08,776 - ecommerce_analysis - INFO - 
Metrics Summary:
2025-02-21 15:00:08,781 - ecommerce_analysis - INFO - 
      Recency  Frequency  Monetary
mean  4915.48       3.92    845.54
min   4823.00       1.00      1.70
max   5196.00     193.00  70372.02
2025-02-21 15:00:08,949 - ecommerce_analysis - INFO - 
Sales Summary:
2025-02-21 15:00:08,950 - ecommerce_analysis - INFO - total_customers: 4,146.00
2025-02-21 15:00:08,950 - ecommerce_analysis - INFO - total_products: 3,319.00
2025-02-21 15:00:08,951 - ecommerce_analysis - INFO - total_transactions: 16,245.00
2025-02-21 15:00:08,951 - ecommerce_analysis - INFO - total_sales: 3,505,592.52
2025-02-21 15:00:08,951 - ecommerce_analysis - INFO - average_order_value: 14.13
2025-02-21 15:00:08,960 - ecommerce_analysis - INFO - Analysis completed successfully!
2025-02-21 15:01:27,716 - ecommerce_analysis - INFO - Starting data processing...
2025-02-21 15:01:29,342 - ecommerce_analysis - INFO - Data processed successfully - Shape: (319806, 18)
2025-02-21 15:01:29,343 - ecommerce_analysis - INFO - Starting RFM analysis...
2025-02-21 15:01:29,713 - ecommerce_analysis - INFO - 
RFM Analysis Summary:
2025-02-21 15:01:29,714 - ecommerce_analysis - INFO - Total Customers: 4,146
2025-02-21 15:01:29,715 - ecommerce_analysis - INFO - 
Metrics Summary:
2025-02-21 15:01:29,722 - ecommerce_analysis - INFO - 
      Recency  Frequency  Monetary
mean  4915.48       3.92    845.54
min   4823.00       1.00      1.70
max   5196.00     193.00  70372.02
2025-02-21 15:01:29,860 - ecommerce_analysis - INFO - 
Sales Summary:
2025-02-21 15:01:29,861 - ecommerce_analysis - INFO - total_customers: 4,146.00
2025-02-21 15:01:29,862 - ecommerce_analysis - INFO - total_products: 3,319.00
2025-02-21 15:01:29,863 - ecommerce_analysis - INFO - total_transactions: 16,245.00
2025-02-21 15:01:29,863 - ecommerce_analysis - INFO - total_sales: 3,505,592.52
2025-02-21 15:01:29,864 - ecommerce_analysis - INFO - average_order_value: 14.13
2025-02-21 15:01:29,873 - ecommerce_analysis - INFO - Analysis completed successfully!
2025-02-21 15:02:23,117 - ecommerce_analysis - INFO - Starting data processing...
2025-02-21 15:02:24,755 - ecommerce_analysis - INFO - Data processed successfully - Shape: (319806, 18)
2025-02-21 15:02:24,756 - ecommerce_analysis - INFO - Starting RFM analysis...
2025-02-21 15:02:25,144 - ecommerce_analysis - INFO - 
RFM Analysis Summary:
2025-02-21 15:02:25,145 - ecommerce_analysis - INFO - Total Customers: 4,146
2025-02-21 15:02:25,145 - ecommerce_analysis - INFO - 
Metrics Summary:
2025-02-21 15:02:25,152 - ecommerce_analysis - INFO - 
      Recency  Frequency  Monetary
mean  4915.48       3.92    845.54
min   4823.00       1.00      1.70
max   5196.00     193.00  70372.02
2025-02-21 15:02:25,302 - ecommerce_analysis - INFO - 
Sales Summary:
2025-02-21 15:02:25,303 - ecommerce_analysis - INFO - total_customers: 4,146.00
2025-02-21 15:02:25,303 - ecommerce_analysis - INFO - total_products: 3,319.00
2025-02-21 15:02:25,304 - ecommerce_analysis - INFO - total_transactions: 16,245.00
2025-02-21 15:02:25,304 - ecommerce_analysis - INFO - total_sales: 3,505,592.52
2025-02-21 15:02:25,305 - ecommerce_analysis - INFO - average_order_value: 14.13
2025-02-21 15:02:25,313 - ecommerce_analysis - INFO - Analysis completed successfully!
2025-02-21 15:08:27,869 - ecommerce_analysis - INFO - Starting data processing...
2025-02-21 15:08:29,552 - ecommerce_analysis - INFO - Data processed successfully - Shape: (319806, 18)
2025-02-21 15:08:29,552 - ecommerce_analysis - INFO - Starting RFM analysis...
2025-02-21 15:08:29,945 - ecommerce_analysis - INFO - 
RFM Analysis Summary:
2025-02-21 15:08:29,946 - ecommerce_analysis - INFO - Total Customers: 4,146
2025-02-21 15:08:29,946 - ecommerce_analysis - INFO - 
Metrics Summary:
2025-02-21 15:08:29,951 - ecommerce_analysis - INFO - 
      Recency  Frequency  Monetary
mean  4915.49       3.92    845.54
min   4823.00       1.00      1.70
max   5196.00     193.00  70372.02
2025-02-21 15:08:30,096 - ecommerce_analysis - INFO - 
Sales Summary:
2025-02-21 15:08:30,098 - ecommerce_analysis - INFO - total_customers: 4,146.00
2025-02-21 15:08:30,098 - ecommerce_analysis - INFO - total_products: 3,319.00
2025-02-21 15:08:30,098 - ecommerce_analysis - INFO - total_transactions: 16,245.00
2025-02-21 15:08:30,099 - ecommerce_analysis - INFO - total_sales: 3,505,592.52
2025-02-21 15:08:30,099 - ecommerce_analysis - INFO - average_order_value: 14.13
2025-02-21 15:08:30,109 - ecommerce_analysis - INFO - Analysis completed successfully!
2025-02-21 15:10:49,487 - ecommerce_analysis - INFO - Starting data processing...
2025-02-21 15:10:51,175 - ecommerce_analysis - INFO - Data processed successfully - Shape: (319806, 18)
2025-02-21 15:10:51,176 - ecommerce_analysis - INFO - Starting RFM analysis...
2025-02-21 15:10:51,594 - ecommerce_analysis - INFO - 
RFM Analysis Summary:
2025-02-21 15:10:51,594 - ecommerce_analysis - INFO - Total Customers: 4,146
2025-02-21 15:10:51,595 - ecommerce_analysis - INFO - 
Metrics Summary:
2025-02-21 15:10:51,599 - ecommerce_analysis - INFO - 
      Recency  Frequency  Monetary
mean   4915.5       3.92    845.54
min    4823.0       1.00      1.70
max    5196.0     193.00  70372.02
2025-02-21 15:10:51,805 - ecommerce_analysis - INFO - 
Sales Summary:
2025-02-21 15:10:51,806 - ecommerce_analysis - INFO - total_customers: 4,146.00
2025-02-21 15:10:51,807 - ecommerce_analysis - INFO - total_products: 3,319.00
2025-02-21 15:10:51,807 - ecommerce_analysis - INFO - total_transactions: 16,245.00
2025-02-21 15:10:51,807 - ecommerce_analysis - INFO - total_sales: 3,505,592.52
2025-02-21 15:10:51,808 - ecommerce_analysis - INFO - average_order_value: 14.13
2025-02-21 15:10:51,817 - ecommerce_analysis - INFO - Analysis completed successfully!
2025-02-21 15:32:49,364 - ecommerce_analysis - INFO - Starting data processing...
2025-02-21 15:32:51,091 - ecommerce_analysis - INFO - Data processed successfully - Shape: (319806, 18)
2025-02-21 15:32:51,091 - ecommerce_analysis - INFO - Starting RFM analysis...
2025-02-21 15:32:51,898 - ecommerce_analysis - INFO - 
RFM Analysis Summary:
2025-02-21 15:32:51,898 - ecommerce_analysis - INFO - Total Customers: 4,146
2025-02-21 15:32:51,899 - ecommerce_analysis - INFO - 
Metrics Summary:
2025-02-21 15:32:51,903 - ecommerce_analysis - INFO - 
      Recency  Frequency  Monetary
mean  4915.54       3.92    845.54
min   4823.00       1.00      1.70
max   5196.00     193.00  70372.02
2025-02-21 15:32:52,112 - ecommerce_analysis - INFO - 
Sales Summary:
2025-02-21 15:32:52,112 - ecommerce_analysis - INFO - total_customers: 4,146.00
2025-02-21 15:32:52,113 - ecommerce_analysis - INFO - total_products: 3,319.00
2025-02-21 15:32:52,113 - ecommerce_analysis - INFO - total_transactions: 16,245.00
2025-02-21 15:32:52,114 - ecommerce_analysis - INFO - total_sales: 3,505,592.52
2025-02-21 15:32:52,114 - ecommerce_analysis - INFO - average_order_value: 14.13
2025-02-21 15:32:52,122 - ecommerce_analysis - INFO - Analysis completed successfully!
2025-02-21 15:34:50,105 - ecommerce_analysis - INFO - Starting data processing...
2025-02-21 15:34:51,840 - ecommerce_analysis - INFO - Data processed successfully - Shape: (319806, 18)
2025-02-21 15:34:51,841 - ecommerce_analysis - INFO - Starting RFM analysis...
2025-02-21 15:34:52,521 - ecommerce_analysis - INFO - 
RFM Analysis Summary:
2025-02-21 15:34:52,522 - ecommerce_analysis - INFO - Total Customers: 4,146
2025-02-21 15:34:52,522 - ecommerce_analysis - INFO - 
Metrics Summary:
2025-02-21 15:34:52,527 - ecommerce_analysis - INFO - 
      Recency  Frequency  Monetary
mean  4915.54       3.92    845.54
min   4823.00       1.00      1.70
max   5196.00     193.00  70372.02
2025-02-21 15:34:52,734 - ecommerce_analysis - INFO - 
Sales Summary:
2025-02-21 15:34:52,735 - ecommerce_analysis - INFO - total_customers: 4,146.00
2025-02-21 15:34:52,736 - ecommerce_analysis - INFO - total_products: 3,319.00
2025-02-21 15:34:52,736 - ecommerce_analysis - INFO - total_transactions: 16,245.00
2025-02-21 15:34:52,737 - ecommerce_analysis - INFO - total_sales: 3,505,592.52
2025-02-21 15:34:52,737 - ecommerce_analysis - INFO - average_order_value: 14.13
2025-02-21 15:34:52,745 - ecommerce_analysis - INFO - Analysis completed successfully!
2025-02-21 15:52:28,930 - ecommerce_analysis - INFO - Starting data processing...
2025-02-21 15:52:30,917 - ecommerce_analysis - INFO - Data processed successfully - Shape: (319806, 18)
2025-02-21 15:52:30,918 - ecommerce_analysis - INFO - Starting RFM analysis...
2025-02-21 15:52:31,345 - ecommerce_analysis - ERROR - Analysis failed: RFMAnalyzer.save_results() takes from 1 to 2 positional arguments but 3 were given
2025-02-21 15:52:31,353 - ecommerce_analysis - ERROR - Analysis failed!
2025-02-21 15:53:19,080 - ecommerce_analysis - INFO - Starting data processing...
2025-02-21 15:53:20,763 - ecommerce_analysis - INFO - Data processed successfully - Shape: (319806, 18)
2025-02-21 15:53:20,763 - ecommerce_analysis - INFO - Starting RFM analysis...
2025-02-21 15:53:21,256 - ecommerce_analysis - INFO - 
RFM Analysis Summary:
2025-02-21 15:53:21,257 - ecommerce_analysis - INFO - Total Customers: 4,146
2025-02-21 15:53:21,258 - ecommerce_analysis - INFO - 
Metrics Summary:
2025-02-21 15:53:21,269 - ecommerce_analysis - INFO - 
      Recency  Frequency  Monetary
mean  4915.58       3.92    845.54
min   4823.00       1.00      1.70
max   5196.00     193.00  70372.02
2025-02-21 15:53:21,517 - ecommerce_analysis - INFO - 
Sales Summary:
2025-02-21 15:53:21,517 - ecommerce_analysis - INFO - total_customers: 4,146.00
2025-02-21 15:53:21,518 - ecommerce_analysis - INFO - total_products: 3,319.00
2025-02-21 15:53:21,519 - ecommerce_analysis - INFO - total_transactions: 16,245.00
2025-02-21 15:53:21,519 - ecommerce_analysis - INFO - total_sales: 3,505,592.52
2025-02-21 15:53:21,519 - ecommerce_analysis - INFO - average_order_value: 14.13
2025-02-21 15:53:21,528 - ecommerce_analysis - INFO - Analysis completed successfully!
2025-02-21 15:56:36,468 - ecommerce_analysis - INFO - Starting data processing...
2025-02-21 15:56:38,089 - ecommerce_analysis - INFO - Data processed successfully - Shape: (319806, 18)
2025-02-21 15:56:38,090 - ecommerce_analysis - INFO - Starting RFM analysis...
2025-02-21 15:56:38,792 - ecommerce_analysis - INFO - 
RFM Analysis Summary:
2025-02-21 15:56:38,793 - ecommerce_analysis - INFO - Total Customers: 4,146
2025-02-21 15:56:38,794 - ecommerce_analysis - INFO - 
Metrics Summary:
2025-02-21 15:56:38,800 - ecommerce_analysis - INFO - 
      Recency  Frequency  Monetary
mean  4915.58       3.92    845.54
min   4823.00       1.00      1.70
max   5196.00     193.00  70372.02
2025-02-21 15:56:39,006 - ecommerce_analysis - INFO - 
Sales Summary:
2025-02-21 15:56:39,007 - ecommerce_analysis - INFO - total_customers: 4,146.00
2025-02-21 15:56:39,007 - ecommerce_analysis - INFO - total_products: 3,319.00
2025-02-21 15:56:39,007 - ecommerce_analysis - INFO - total_transactions: 16,245.00
2025-02-21 15:56:39,008 - ecommerce_analysis - INFO - total_sales: 3,505,592.52
2025-02-21 15:56:39,008 - ecommerce_analysis - INFO - average_order_value: 14.13
2025-02-21 15:56:39,017 - ecommerce_analysis - INFO - Analysis completed successfully!
